<?xml version="1.0" encoding="UTF-8"?>
<testng-results ignored="0" total="1" passed="1" failed="0" skipped="0">
  <reporter-output>
  </reporter-output>
  <suite started-at="2024-12-19T08:32:14 IST" name="Suite" finished-at="2024-12-19T08:32:14 IST" duration-ms="30">
    <groups>
    </groups>
    <test started-at="2024-12-19T08:32:14 IST" name="Test" finished-at="2024-12-19T08:32:14 IST" duration-ms="30">
      <class name="ExceptionHandling.throwsTryCatch">
        <test-method signature="main()[pri:0, instance:ExceptionHandling.throwsTryCatch@13e39c73]" started-at="2024-12-19T08:32:14 IST" name="main" finished-at="2024-12-19T08:32:14 IST" duration-ms="8" status="PASS">
          <reporter-output>
          </reporter-output>
        </test-method> <!-- main -->
      </class> <!-- ExceptionHandling.throwsTryCatch -->
    </test> <!-- Test -->
  </suite> <!-- Suite -->
</testng-results>
